2012-04-18: edu.washington.cs.NewsScraper.YahooRssScraper@1f436f5: can not download: TECH_social-media
2012-04-18: edu.washington.cs.NewsScraper.YahooRssScraper@1f436f5: can not download: TECH_gaming
2012-04-18: edu.washington.cs.NewsScraper.YahooRssScraper@1f436f5: can not download: POLITICS_the-courts
2012-04-18: edu.washington.cs.NewsScraper.YahooRssScraper@1f436f5: can not download: POLITICS_elections-2012
2012-04-18: edu.washington.cs.NewsScraper.YahooRssScraper@1f436f5: can not download: SCIENCE_animal-pets
2012-04-18: edu.washington.cs.NewsScraper.YahooRssScraper@1f436f5: can not download: HEALTH_medications-drugs
2012-04-18: edu.washington.cs.NewsScraper.YahooRssScraper@1f436f5: can not download: HEALTH_parenting-kids
2012-04-18: edu.washington.cs.NewsScraper.YahooRssScraper@911f71: can not load file: yahoo_data\2012-04-18\data
2012-04-18: edu.washington.cs.NewsScraper.YahooRssScraper@16655a7: can't crate today's directory
2012-04-18: edu.washington.cs.NewsScraper.YahooRssScraper@16655a7: can't crate today's directory
2012-04-18: edu.washington.cs.NewsScraper.YahooRssScraper@13aef95: can't crate today's directory
2012-04-18: edu.washington.cs.NewsScraper.YahooRssScraper@13aef95: can't crate today's directory
2012-04-18: edu.washington.cs.NewsScraper.YahooRssScraper@13aef95: can't crate today's directory
2012-04-18: edu.washington.cs.NewsScraper.YahooRssScraper@13aef95: can't crate today's directory
2012-04-18: edu.washington.cs.NewsScraper.YahooRssScraper@473fa1: can't crate today's directory
2012-04-18: edu.washington.cs.NewsScraper.YahooRssScraper@13aef95: can't crate today's directory
2012-04-18: edu.washington.cs.NewsScraper.YahooRssScraper@473fa1: can't crate today's directory
2012-04-18: edu.washington.cs.NewsScraper.YahooRssScraper@1a27edd: can't crate today's directory
2012-04-18: edu.washington.cs.NewsScraper.YahooRssScraper@13720a2: can't crate today's directory
2012-04-18: edu.washington.cs.NewsScraper.YahooRssScraper@103f309: can't crate today's directory
2012-04-18: edu.washington.cs.NewsScraper.YahooRssScraper@10e4408: can not download: US_us
2012-04-18: edu.washington.cs.NewsScraper.YahooRssScraper@10e4408: can not download: US_education
2012-04-18: edu.washington.cs.NewsScraper.YahooRssScraper@10e4408: can not download: US_religion
2012-04-18: edu.washington.cs.NewsScraper.YahooRssScraper@10e4408: can not download: US_crime-trials
2012-04-18: edu.washington.cs.NewsScraper.YahooRssScraper@10e4408: can not download: US_contributor-network
2012-04-18: edu.washington.cs.NewsScraper.YahooRssScraper@10e4408: can not download: BUSINESS_business
2012-04-18: edu.washington.cs.NewsScraper.YahooRssScraper@10e4408: can not download: BUSINESS_economy
2012-04-18: edu.washington.cs.NewsScraper.YahooRssScraper@10e4408: can not download: BUSINESS_stock-markets
2012-04-18: edu.washington.cs.NewsScraper.YahooRssScraper@10e4408: can not download: BUSINESS_earnings
2012-04-18: edu.washington.cs.NewsScraper.YahooRssScraper@10e4408: can not download: BUSINESS_personal-finance
2012-04-18: edu.washington.cs.NewsScraper.YahooRssScraper@10e4408: can not download: BUSINESS_business-press-releases
2012-04-18: edu.washington.cs.NewsScraper.YahooRssScraper@10e4408: can not download: BUSINESS_taxes
2012-04-18: edu.washington.cs.NewsScraper.YahooRssScraper@10e4408: can not download: BUSINESS_marketplace
2012-04-18: edu.washington.cs.NewsScraper.YahooRssScraper@10e4408: can not download: WORLD_world
2012-04-18: edu.washington.cs.NewsScraper.YahooRssScraper@10e4408: can not download: WORLD_middle-east
2012-04-18: edu.washington.cs.NewsScraper.YahooRssScraper@10e4408: can not download: WORLD_europe
2012-04-18: edu.washington.cs.NewsScraper.YahooRssScraper@10e4408: can not download: WORLD_latin-america
2012-04-18: edu.washington.cs.NewsScraper.YahooRssScraper@10e4408: can not download: WORLD_africa
2012-04-18: edu.washington.cs.NewsScraper.YahooRssScraper@42d05e: can not download: US_us
2012-04-18: edu.washington.cs.NewsScraper.YahooRssScraper@42d05e: can not download: US_education
2012-04-18: edu.washington.cs.NewsScraper.YahooRssScraper@42d05e: can not download: US_religion
2012-04-18: edu.washington.cs.NewsScraper.YahooRssScraper@42d05e: can not download: US_crime-trials
2012-04-18: edu.washington.cs.NewsScraper.YahooRssScraper@42d05e: can not download: US_contributor-network
2012-04-18: edu.washington.cs.NewsScraper.YahooRssScraper@42d05e: can not download: BUSINESS_business
2012-04-18: edu.washington.cs.NewsScraper.YahooRssScraper@42d05e: can not download: BUSINESS_economy
2012-04-18: edu.washington.cs.NewsScraper.YahooRssScraper@42d05e: can not download: BUSINESS_stock-markets
2012-04-18: edu.washington.cs.NewsScraper.YahooRssScraper@42d05e: can not download: BUSINESS_earnings
2012-04-18: edu.washington.cs.NewsScraper.YahooRssScraper@42d05e: can not download: BUSINESS_personal-finance
2012-04-18: edu.washington.cs.NewsScraper.YahooRssScraper@42d05e: can not download: BUSINESS_business-press-releases
2012-04-18: edu.washington.cs.NewsScraper.YahooRssScraper@42d05e: can not download: BUSINESS_taxes
2012-04-18: edu.washington.cs.NewsScraper.YahooRssScraper@42d05e: can not download: BUSINESS_marketplace
2012-04-18: edu.washington.cs.NewsScraper.YahooRssScraper@42d05e: can not download: WORLD_world
2012-04-18: edu.washington.cs.NewsScraper.YahooRssScraper@26b468: can not download: US_us
2012-04-18: edu.washington.cs.NewsScraper.YahooRssScraper@26b468: can not download: US_education
2012-04-18: edu.washington.cs.NewsScraper.YahooRssScraper@26b468: can not download: US_religion
2012-04-18: edu.washington.cs.NewsScraper.YahooRssScraper@26b468: can not download: US_crime-trials
2012-04-18: edu.washington.cs.NewsScraper.YahooRssScraper@26b468: can not download: US_contributor-network
2012-04-18: edu.washington.cs.NewsScraper.YahooRssScraper@26b468: can not download: BUSINESS_business
2012-04-18: edu.washington.cs.NewsScraper.YahooRssScraper@26b468: can not download: BUSINESS_economy
2012-04-18: edu.washington.cs.NewsScraper.YahooRssScraper@26b468: can not download: BUSINESS_stock-markets
2012-04-18: edu.washington.cs.NewsScraper.YahooRssScraper@26b468: can not download: BUSINESS_earnings
2012-04-18: edu.washington.cs.NewsScraper.YahooRssScraper@10e4408: can not download: US_us
2012-04-18: edu.washington.cs.NewsScraper.YahooRssScraper@10e4408: can not download: US_education
2012-04-18: edu.washington.cs.NewsScraper.YahooRssScraper@10e4408: can not download: US_religion
2012-04-18: edu.washington.cs.NewsScraper.YahooRssScraper@10e4408: can not download: US_crime-trials
2012-04-18: edu.washington.cs.NewsScraper.YahooRssScraper@10e4408: can not download: US_contributor-network
2012-04-18: edu.washington.cs.NewsScraper.YahooRssScraper@10e4408: can not download: BUSINESS_business
2012-04-18: edu.washington.cs.NewsScraper.YahooRssScraper@10e4408: can not download: BUSINESS_economy
2012-04-18: edu.washington.cs.NewsScraper.YahooRssScraper@10e4408: can not download: BUSINESS_stock-markets
2012-04-18: edu.washington.cs.NewsScraper.YahooRssScraper@10e4408: can not download: BUSINESS_earnings
2012-04-18: edu.washington.cs.NewsScraper.YahooRssScraper@10e4408: can not download: US_us
2012-04-18: edu.washington.cs.NewsScraper.YahooRssScraper@10e4408: can not download: US_education
2012-04-18: edu.washington.cs.NewsScraper.YahooRssScraper@10e4408: can not download: US_religion
2012-04-18: edu.washington.cs.NewsScraper.YahooRssScraper@10e4408: can not download: US_crime-trials
2012-04-18: edu.washington.cs.NewsScraper.YahooRssScraper@10e4408: can not download: US_contributor-network
2012-04-18: edu.washington.cs.NewsScraper.YahooRssScraper@1757322: can not download: US_us
2012-04-18: edu.washington.cs.NewsScraper.YahooRssScraper@1757322: can not download: US_education
2012-04-18: edu.washington.cs.NewsScraper.YahooRssScraper@1757322: can not download: US_religion
2012-04-18: edu.washington.cs.NewsScraper.YahooRssScraper@1757322: can not download: US_crime-trials
2012-04-18: edu.washington.cs.NewsScraper.YahooRssScraper@1757322: can not download: US_contributor-network
2012-04-18: edu.washington.cs.NewsScraper.YahooRssScraper@1757322: can not download: BUSINESS_business
2012-04-18: edu.washington.cs.NewsScraper.YahooRssScraper@1757322: can not download: BUSINESS_economy
2012-04-18: edu.washington.cs.NewsScraper.YahooRssScraper@1757322: can not download: BUSINESS_stock-markets
2012-04-18: edu.washington.cs.NewsScraper.YahooRssScraper@1757322: can not download: BUSINESS_earnings
2012-04-18: edu.washington.cs.NewsScraper.YahooRssScraper@1757322: can not download: BUSINESS_personal-finance
2012-04-18: edu.washington.cs.NewsScraper.YahooRssScraper@1757322: can not download: BUSINESS_business-press-releases
2012-04-26: knowitall.reverbovernews.YahooRssScraper@21b6d: String index out of range: 10
2012-04-26: knowitall.reverbovernews.YahooRssScraper@21b6d: String index out of range: 10
2012-04-26: knowitall.reverbovernews.YahooRssScraper@21b6d: String index out of range: 10
2012-04-26: knowitall.reverbovernews.YahooRssScraper@21b6d: String index out of range: 10
2012-04-26: knowitall.reverbovernews.YahooRssScraper@21b6d: String index out of range: 10
2012-04-26: knowitall.reverbovernews.YahooRssScraper@21b6d: String index out of range: 10
2012-04-26: knowitall.reverbovernews.YahooRssScraper@21b6d: String index out of range: 10
2012-04-26: knowitall.reverbovernews.YahooRssScraper@21b6d: String index out of range: 10
2012-04-26: knowitall.reverbovernews.YahooRssScraper@21b6d: String index out of range: 10
2012-04-26: knowitall.reverbovernews.YahooRssScraper@21b6d: String index out of range: 10
2012-04-26: knowitall.reverbovernews.YahooRssScraper@21b6d: String index out of range: 10
2012-04-26: knowitall.reverbovernews.YahooRssScraper@21b6d: String index out of range: 10
2012-04-26: knowitall.reverbovernews.YahooRssScraper@21b6d: String index out of range: 10
2012-04-26: knowitall.reverbovernews.YahooRssScraper@21b6d: String index out of range: 10
2012-04-26: knowitall.reverbovernews.YahooRssScraper@21b6d: String index out of range: 10
2012-04-26: knowitall.reverbovernews.YahooRssScraper@21b6d: String index out of range: 10
2012-04-26: knowitall.reverbovernews.YahooRssScraper@21b6d: String index out of range: 10
2012-04-26: knowitall.reverbovernews.YahooRssScraper@21b6d: String index out of range: 10
2012-04-26: knowitall.reverbovernews.YahooRssScraper@21b6d: String index out of range: 10
2012-04-26: knowitall.reverbovernews.YahooRssScraper@21b6d: String index out of range: 10
2012-04-26: knowitall.reverbovernews.YahooRssScraper@21b6d: String index out of range: 10
2012-04-26: knowitall.reverbovernews.YahooRssScraper@21b6d: String index out of range: 10
2012-04-26: knowitall.reverbovernews.YahooRssScraper@21b6d: String index out of range: 10
2012-04-26: knowitall.reverbovernews.YahooRssScraper@21b6d: String index out of range: 10
2012-04-26: knowitall.reverbovernews.YahooRssScraper@21b6d: String index out of range: 10
2012-04-26: knowitall.reverbovernews.YahooRssScraper@56a499: ENTERTAINMENT entertainment: String index out of range: 10
2012-04-26: knowitall.reverbovernews.YahooRssScraper@56a499: ENTERTAINMENT entertainment: String index out of range: 10
2012-04-26: knowitall.reverbovernews.YahooRssScraper@56a499: ENTERTAINMENT tv: String index out of range: 10
2012-04-26: knowitall.reverbovernews.YahooRssScraper@56a499: HEALTH health: String index out of range: 10
2012-04-26: knowitall.reverbovernews.YahooRssScraper@56a499: SCIENCE science: String index out of range: 10
2012-04-26: knowitall.reverbovernews.YahooRssScraper@56a499: TECH apple-macintosh: String index out of range: 10
2012-04-26: knowitall.reverbovernews.YahooRssScraper@56a499: TECH apple-macintosh: String index out of range: 10
2012-04-26: knowitall.reverbovernews.YahooRssScraper@56a499: TECH apple-macintosh: String index out of range: 10
2012-04-26: knowitall.reverbovernews.YahooRssScraper@56a499: TECH apple-macintosh: String index out of range: 10
2012-04-26: knowitall.reverbovernews.YahooRssScraper@56a499: TECH apple-macintosh: String index out of range: 10
2012-04-26: knowitall.reverbovernews.YahooRssScraper@56a499: TECH apple-macintosh: String index out of range: 10
2012-04-26: knowitall.reverbovernews.YahooRssScraper@56a499: TECH apple-macintosh: String index out of range: 10
2012-04-26: knowitall.reverbovernews.YahooRssScraper@56a499: TECH apple-macintosh: String index out of range: 10
2012-04-26: knowitall.reverbovernews.YahooRssScraper@56a499: TECH apple-macintosh: String index out of range: 10
2012-04-26: knowitall.reverbovernews.YahooRssScraper@56a499: TECH apple-macintosh: String index out of range: 10
2012-04-26: knowitall.reverbovernews.YahooRssScraper@56a499: TECH tech: String index out of range: 10
2012-04-26: knowitall.reverbovernews.YahooRssScraper@56a499: US us: String index out of range: 10
2012-04-26: knowitall.reverbovernews.YahooRssScraper@56a499: US us: String index out of range: 10
2012-04-26: knowitall.reverbovernews.YahooRssScraper@56a499: US us: String index out of range: 10
2012-04-26: knowitall.reverbovernews.YahooRssScraper@56a499: US us: String index out of range: 10
2012-04-26: knowitall.reverbovernews.YahooRssScraper@56a499: WORLD asia: String index out of range: 10
2012-04-26: knowitall.reverbovernews.YahooRssScraper@56a499: WORLD canada: String index out of range: 10
2012-04-26: knowitall.reverbovernews.YahooRssScraper@56a499: WORLD europe: String index out of range: 10
2012-04-26: knowitall.reverbovernews.YahooRssScraper@56a499: WORLD world: String index out of range: 10
2012-04-26: knowitall.reverbovernews.YahooRssScraper@56a499: WORLD world: String index out of range: 10
2012-04-26: knowitall.reverbovernews.YahooRssScraper@56a499: ENTERTAINMENT entertainment: String index out of range: 10
2012-04-26: knowitall.reverbovernews.YahooRssScraper@56a499: ENTERTAINMENT entertainment: String index out of range: 10
2012-04-26: knowitall.reverbovernews.YahooRssScraper@56a499: ENTERTAINMENT tv: String index out of range: 10
2012-04-26: knowitall.reverbovernews.YahooRssScraper@56a499: HEALTH health: String index out of range: 10
2012-04-26: knowitall.reverbovernews.YahooRssScraper@56a499: SCIENCE science: String index out of range: 10
2012-04-26: knowitall.reverbovernews.YahooRssScraper@56a499: TECH apple-macintosh: String index out of range: 10
2012-04-26: knowitall.reverbovernews.YahooRssScraper@56a499: TECH apple-macintosh: String index out of range: 10
2012-04-26: knowitall.reverbovernews.YahooRssScraper@56a499: TECH apple-macintosh: String index out of range: 10
2012-04-26: knowitall.reverbovernews.YahooRssScraper@56a499: TECH apple-macintosh: String index out of range: 10
2012-04-26: knowitall.reverbovernews.YahooRssScraper@56a499: TECH apple-macintosh: String index out of range: 10
2012-04-26: knowitall.reverbovernews.YahooRssScraper@56a499: TECH apple-macintosh: String index out of range: 10
2012-04-26: knowitall.reverbovernews.YahooRssScraper@56a499: TECH apple-macintosh: String index out of range: 10
2012-04-26: knowitall.reverbovernews.YahooRssScraper@56a499: TECH apple-macintosh: String index out of range: 10
2012-04-26: knowitall.reverbovernews.YahooRssScraper@56a499: TECH apple-macintosh: String index out of range: 10
2012-04-26: knowitall.reverbovernews.YahooRssScraper@56a499: TECH apple-macintosh: String index out of range: 10
2012-04-26: knowitall.reverbovernews.YahooRssScraper@56a499: TECH tech: String index out of range: 10
2012-04-26: knowitall.reverbovernews.YahooRssScraper@56a499: US us: String index out of range: 10
2012-04-26: knowitall.reverbovernews.YahooRssScraper@56a499: US us: String index out of range: 10
2012-04-26: knowitall.reverbovernews.YahooRssScraper@56a499: US us: String index out of range: 10
2012-04-26: knowitall.reverbovernews.YahooRssScraper@56a499: US us: String index out of range: 10
2012-04-26: knowitall.reverbovernews.YahooRssScraper@56a499: WORLD asia: String index out of range: 10
2012-04-26: knowitall.reverbovernews.YahooRssScraper@56a499: WORLD canada: String index out of range: 10
2012-04-26: knowitall.reverbovernews.YahooRssScraper@56a499: WORLD europe: String index out of range: 10
2012-04-26: knowitall.reverbovernews.YahooRssScraper@56a499: WORLD world: String index out of range: 10
2012-04-26: knowitall.reverbovernews.YahooRssScraper@56a499: WORLD world: String index out of range: 10
2012-04-26: knowitall.reverbovernews.YahooRssScraper@148aa23: ENTERTAINMENT entertainment: String index out of range: 10
2012-04-26: knowitall.reverbovernews.YahooRssScraper@148aa23: ENTERTAINMENT entertainment: String index out of range: 10
2012-04-26: knowitall.reverbovernews.YahooRssScraper@148aa23: ENTERTAINMENT entertainment: String index out of range: 10
2012-04-26: knowitall.reverbovernews.YahooRssScraper@148aa23: ENTERTAINMENT entertainment: String index out of range: 10
2012-04-26: knowitall.reverbovernews.YahooRssScraper@148aa23: ENTERTAINMENT tv: String index out of range: 10
2012-04-26: knowitall.reverbovernews.YahooRssScraper@148aa23: ENTERTAINMENT tv: String index out of range: 10
2012-04-26: knowitall.reverbovernews.YahooRssScraper@148aa23: HEALTH health: String index out of range: 10
2012-04-26: knowitall.reverbovernews.YahooRssScraper@148aa23: SCIENCE science: String index out of range: 10
2012-04-26: knowitall.reverbovernews.YahooRssScraper@148aa23: SCIENCE science: String index out of range: 10
2012-04-26: knowitall.reverbovernews.YahooRssScraper@148aa23: SCIENCE science: String index out of range: 10
2012-04-26: knowitall.reverbovernews.YahooRssScraper@148aa23: SPORTS sports: String index out of range: 10
2012-04-26: knowitall.reverbovernews.YahooRssScraper@148aa23: SPORTS sports: String index out of range: 10
2012-04-26: knowitall.reverbovernews.YahooRssScraper@148aa23: TECH apple-macintosh: String index out of range: 10
2012-04-26: knowitall.reverbovernews.YahooRssScraper@148aa23: TECH apple-macintosh: String index out of range: 10
2012-04-26: knowitall.reverbovernews.YahooRssScraper@148aa23: TECH apple-macintosh: String index out of range: 10
2012-04-26: knowitall.reverbovernews.YahooRssScraper@148aa23: TECH apple-macintosh: String index out of range: 10
2012-04-26: knowitall.reverbovernews.YahooRssScraper@148aa23: TECH apple-macintosh: String index out of range: 10
2012-04-26: knowitall.reverbovernews.YahooRssScraper@148aa23: TECH apple-macintosh: String index out of range: 10
2012-04-26: knowitall.reverbovernews.YahooRssScraper@148aa23: TECH apple-macintosh: String index out of range: 10
2012-04-26: knowitall.reverbovernews.YahooRssScraper@148aa23: TECH apple-macintosh: String index out of range: 10
2012-04-26: knowitall.reverbovernews.YahooRssScraper@148aa23: TECH apple-macintosh: String index out of range: 10
2012-04-26: knowitall.reverbovernews.YahooRssScraper@148aa23: TECH apple-macintosh: String index out of range: 10
2012-04-26: knowitall.reverbovernews.YahooRssScraper@148aa23: TECH apple-macintosh: String index out of range: 10
2012-04-26: knowitall.reverbovernews.YahooRssScraper@148aa23: TECH apple-macintosh: String index out of range: 10
2012-04-26: knowitall.reverbovernews.YahooRssScraper@148aa23: TECH apple-macintosh: String index out of range: 10
2012-04-26: knowitall.reverbovernews.YahooRssScraper@148aa23: TECH apple-macintosh: String index out of range: 10
2012-04-26: knowitall.reverbovernews.YahooRssScraper@148aa23: TECH tech: String index out of range: 10
2012-04-26: knowitall.reverbovernews.YahooRssScraper@148aa23: US us: String index out of range: 10
2012-04-26: knowitall.reverbovernews.YahooRssScraper@148aa23: US us: String index out of range: 10
2012-04-26: knowitall.reverbovernews.YahooRssScraper@148aa23: US us: String index out of range: 10
2012-04-26: knowitall.reverbovernews.YahooRssScraper@148aa23: US us: String index out of range: 10
2012-04-26: knowitall.reverbovernews.YahooRssScraper@148aa23: US us: String index out of range: 10
2012-04-26: knowitall.reverbovernews.YahooRssScraper@148aa23: US us: String index out of range: 10
2012-04-26: knowitall.reverbovernews.YahooRssScraper@148aa23: WORLD asia: String index out of range: 10
2012-04-26: knowitall.reverbovernews.YahooRssScraper@148aa23: WORLD asia: String index out of range: 10
2012-04-26: knowitall.reverbovernews.YahooRssScraper@148aa23: WORLD canada: String index out of range: 10
2012-04-26: knowitall.reverbovernews.YahooRssScraper@148aa23: WORLD europe: String index out of range: 10
2012-04-26: knowitall.reverbovernews.YahooRssScraper@148aa23: WORLD europe: String index out of range: 10
2012-04-26: knowitall.reverbovernews.YahooRssScraper@148aa23: WORLD europe: String index out of range: 10
2012-04-26: knowitall.reverbovernews.YahooRssScraper@148aa23: WORLD world: String index out of range: 10
2012-04-26: knowitall.reverbovernews.YahooRssScraper@148aa23: WORLD world: String index out of range: 10
2012-04-26: knowitall.reverbovernews.YahooRssScraper@148aa23: WORLD world: String index out of range: 10
2012-04-26: knowitall.reverbovernews.YahooRssScraper@148aa23: WORLD world: String index out of range: 10
2012-04-27: knowitall.reverbovernews.YahooRssScraper@126e85f: ENTERTAINMENT tv: String index out of range: 10
2012-04-27: knowitall.reverbovernews.YahooRssScraper@126e85f: SCIENCE science: String index out of range: 10
2012-04-27: knowitall.reverbovernews.YahooRssScraper@1aaa14a: ENTERTAINMENT tv: String index out of range: 10
2012-04-27: knowitall.reverbovernews.YahooRssScraper@1aaa14a: SCIENCE science: String index out of range: 10
2012-04-27: knowitall.reverbovernews.YahooRssScraper@7a84e4: ENTERTAINMENT tv: String index out of range: 10
2012-04-27: knowitall.reverbovernews.YahooRssScraper@7a84e4: SCIENCE science: String index out of range: 10
2012-04-27: knowitall.reverbovernews.YahooRssScraper@afa68a: ENTERTAINMENT tv: String index out of range: 10
2012-04-27: knowitall.reverbovernews.YahooRssScraper@afa68a: SCIENCE science: String index out of range: 10
2012-04-27: knowitall.reverbovernews.YahooRssScraper@1aaa14a: ENTERTAINMENT tv: String index out of range: 10
2012-04-27: knowitall.reverbovernews.YahooRssScraper@1aaa14a: SCIENCE science: String index out of range: 10
2012-04-29: knowitall.reverbovernews.YahooRssScraper@bfc8e0: ENTERTAINMENT tv: String index out of range: 10
2012-04-29: knowitall.reverbovernews.YahooRssScraper@c9ba38: ENTERTAINMENT tv: String index out of range: 10
2012-04-29: knowitall.reverbovernews.YahooRssScraper@c9ba38: ENTERTAINMENT tv: String index out of range: 10
2012-04-29: knowitall.reverbovernews.YahooRssScraper@b61fd1: ENTERTAINMENT tv: String index out of range: 10
2012-04-29: knowitall.reverbovernews.YahooRssScraper@b61fd1: ENTERTAINMENT tv: String index out of range: 10
2012-04-29: knowitall.reverbovernews.YahooRssScraper@b61fd1: ENTERTAINMENT tv: String index out of range: 10
2012-04-29: knowitall.reverbovernews.YahooRssScraper@13849df: can't crate today's directory
2012-04-29: knowitall.reverbovernews.YahooRssScraper@13c1b02: ENTERTAINMENT tv: String index out of range: 10
2012-05-05: knowitall.reverbovernews.YahooRssScraper@18710ed: fail to output data
2012-05-07: failed to load file: : yahoo_data/extracted_data2012-05-05_ExtractedData.revnews
2012-05-07: failed to load file: : yahoo_data/extracted_data2012-05-06_ExtractedData.revnews
